This file contains any messages produced by compilers while
running configure, to aid debugging if configure makes a mistake.

It was created by libnet configure 1.2-rc3, which was
generated by GNU Autoconf 2.69.  Invocation command line was

  $ ./configure --enable-static --prefix=/home/TU/libnet CFLAGS= -I /cygdrive/c/WpdPack/Include/ LIBS= -lwsock32 -lws2_32 -liphlpapi -lwpcap -lpacket

## --------- ##
## Platform. ##
## --------- ##

hostname = DESKTOP-P9I62Q3
uname -m = i686
uname -r = 2.5.1(0.297/5/3)
uname -s = CYGWIN_NT-10.0-WOW
uname -v = 2016-04-21 22:12

/usr/bin/uname -p = unknown
/bin/uname -X     = unknown

/bin/arch              = i686
/usr/bin/arch -k       = unknown
/usr/convex/getsysinfo = unknown
/usr/bin/hostinfo      = unknown
/bin/machine           = unknown
/usr/bin/oslevel       = unknown
/bin/universe          = unknown

PATH: /usr/local/bin
PATH: /usr/bin
PATH: /cygdrive/c/Windows/system32
PATH: /cygdrive/c/Windows
PATH: /cygdrive/c/Windows/System32/Wbem
PATH: /cygdrive/c/Windows/System32/WindowsPowerShell/v1.0
PATH: /cygdrive/c/MinGW/bin
PATH: /cygdrive/c/MinGW/msys/1.0/bin
PATH: /cygdrive/c/Windows/system32/config/systemprofile/.dnx/bin
PATH: /cygdrive/c/Program Files/Microsoft DNX/Dnvm
PATH: /cygdrive/c/Program Files/Microsoft SQL Server/120/Tools/Binn
PATH: /cygdrive/c/Program Files (x86)/Windows Kits/10/Windows Performance Toolkit
PATH: /cygdrive/c/Program Files/Microsoft Network Monitor 3
PATH: /cygdrive/c/Tools
PATH: /cygdrive/c/Program Files/USBPcap
PATH: /cygdrive/c/curl-7.49.0-win32-mingw/bin
PATH: /usr/bin


## ----------- ##
## Core tests. ##
## ----------- ##

configure:2279: result: beginning autoconfiguration process for libnet-1.2-rc3 ...
configure:2314: checking build system type
configure:2328: result: i686-pc-cygwin
configure:2348: checking host system type
configure:2361: result: i686-pc-cygwin
configure:2381: checking target system type
configure:2394: result: i686-pc-cygwin
configure:2438: checking for a BSD-compatible install
configure:2506: result: /usr/bin/install -c
configure:2517: checking whether build environment is sane
configure:2572: result: yes
configure:2610: WARNING: 'missing' script is too old or missing
configure:2723: checking for a thread-safe mkdir -p
configure:2762: result: /usr/bin/mkdir -p
configure:2769: checking for gawk
configure:2785: found /usr/bin/gawk
configure:2796: result: gawk
configure:2807: checking whether make sets $(MAKE)
configure:2829: result: yes
configure:2858: checking whether make supports nested variables
configure:2875: result: yes
configure:2962: checking whether to enable maintainer-specific portions of Makefiles
configure:2971: result: no
configure:3033: checking for gcc
configure:3049: found /usr/bin/gcc
configure:3060: result: gcc
configure:3289: checking for C compiler version
configure:3298: gcc --version >&5
gcc (GCC) 5.4.0
Copyright (C) 2015 Free Software Foundation, Inc.
This is free software; see the source for copying conditions.  There is NO
warranty; not even for MERCHANTABILITY or FITNESS FOR A PARTICULAR PURPOSE.

configure:3309: $? = 0
configure:3298: gcc -v >&5
Using built-in specs.
COLLECT_GCC=gcc
COLLECT_LTO_WRAPPER=/usr/lib/gcc/i686-pc-cygwin/5.4.0/lto-wrapper.exe
Target: i686-pc-cygwin
Configured with: /cygdrive/i/szsz/tmpp/gcc/gcc-5.4.0-1.i686/src/gcc-5.4.0/configure --srcdir=/cygdrive/i/szsz/tmpp/gcc/gcc-5.4.0-1.i686/src/gcc-5.4.0 --prefix=/usr --exec-prefix=/usr --localstatedir=/var --sysconfdir=/etc --docdir=/usr/share/doc/gcc --htmldir=/usr/share/doc/gcc/html -C --build=i686-pc-cygwin --host=i686-pc-cygwin --target=i686-pc-cygwin --without-libiconv-prefix --without-libintl-prefix --libexecdir=/usr/lib --enable-shared --enable-shared-libgcc --enable-static --enable-version-specific-runtime-libs --enable-bootstrap --enable-__cxa_atexit --with-dwarf2 --with-arch=i686 --with-tune=generic --disable-sjlj-exceptions --enable-languages=ada,c,c++,fortran,java,lto,objc,obj-c++ --enable-graphite --enable-threads=posix --enable-libatomic --enable-libcilkrts --enable-libgomp --enable-libitm --enable-libquadmath --enable-libquadmath-support --enable-libssp --enable-libada --enable-libjava --enable-libgcj-sublibs --disable-java-awt --disable-symvers --with-ecj-jar=/usr/share/java/ecj.jar --with-gnu-ld --with-gnu-as --with-cloog-include=/usr/include/cloog-isl --without-libiconv-prefix --without-libintl-prefix --with-system-zlib --enable-linker-build-id --with-default-libstdcxx-abi=gcc4-compatible
Thread model: posix
gcc version 5.4.0 (GCC) 
configure:3309: $? = 0
configure:3298: gcc -V >&5
gcc: error: unrecognized command line option '-V'
gcc: fatal error: no input files
compilation terminated.
configure:3309: $? = 1
configure:3298: gcc -qversion >&5
gcc: error: unrecognized command line option '-qversion'
gcc: fatal error: no input files
compilation terminated.
configure:3309: $? = 1
configure:3329: checking whether the C compiler works
configure:3351: gcc  -I /cygdrive/c/WpdPack/Include/   conftest.c  -lwsock32 -lws2_32 -liphlpapi -lwpcap -lpacket >&5
configure:3355: $? = 0
configure:3403: result: yes
configure:3406: checking for C compiler default output file name
configure:3408: result: a.exe
configure:3414: checking for suffix of executables
configure:3421: gcc -o conftest.exe  -I /cygdrive/c/WpdPack/Include/   conftest.c  -lwsock32 -lws2_32 -liphlpapi -lwpcap -lpacket >&5
configure:3425: $? = 0
configure:3447: result: .exe
configure:3469: checking whether we are cross compiling
configure:3477: gcc -o conftest.exe  -I /cygdrive/c/WpdPack/Include/   conftest.c  -lwsock32 -lws2_32 -liphlpapi -lwpcap -lpacket >&5
configure:3481: $? = 0
configure:3488: ./conftest.exe
configure:3492: $? = 0
configure:3507: result: no
configure:3512: checking for suffix of object files
configure:3534: gcc -c  -I /cygdrive/c/WpdPack/Include/  conftest.c >&5
configure:3538: $? = 0
configure:3559: result: o
configure:3563: checking whether we are using the GNU C compiler
configure:3582: gcc -c  -I /cygdrive/c/WpdPack/Include/  conftest.c >&5
configure:3582: $? = 0
configure:3591: result: yes
configure:3600: checking whether gcc accepts -g
configure:3620: gcc -c -g  conftest.c >&5
configure:3620: $? = 0
configure:3661: result: yes
configure:3678: checking for gcc option to accept ISO C89
configure:3741: gcc  -c  -I /cygdrive/c/WpdPack/Include/  conftest.c >&5
configure:3741: $? = 0
configure:3754: result: none needed
configure:3785: checking for style of include used by make
configure:3813: result: GNU
configure:3839: checking dependency style of gcc
configure:3950: result: none
configure:3972: checking how to run the C preprocessor
configure:4003: gcc -E  conftest.c
configure:4003: $? = 0
configure:4017: gcc -E  conftest.c
conftest.c:11:28: fatal error: ac_nonexistent.h: No such file or directory
compilation terminated.
configure:4017: $? = 1
configure: failed program was:
| /* confdefs.h */
| #define PACKAGE_NAME "libnet"
| #define PACKAGE_TARNAME "libnet"
| #define PACKAGE_VERSION "1.2-rc3"
| #define PACKAGE_STRING "libnet 1.2-rc3"
| #define PACKAGE_BUGREPORT ""
| #define PACKAGE_URL ""
| #define PACKAGE "libnet"
| #define VERSION "1.2-rc3"
| /* end confdefs.h.  */
| #include <ac_nonexistent.h>
configure:4042: result: gcc -E
configure:4062: gcc -E  conftest.c
configure:4062: $? = 0
configure:4076: gcc -E  conftest.c
conftest.c:11:28: fatal error: ac_nonexistent.h: No such file or directory
compilation terminated.
configure:4076: $? = 1
configure: failed program was:
| /* confdefs.h */
| #define PACKAGE_NAME "libnet"
| #define PACKAGE_TARNAME "libnet"
| #define PACKAGE_VERSION "1.2-rc3"
| #define PACKAGE_STRING "libnet 1.2-rc3"
| #define PACKAGE_BUGREPORT ""
| #define PACKAGE_URL ""
| #define PACKAGE "libnet"
| #define VERSION "1.2-rc3"
| /* end confdefs.h.  */
| #include <ac_nonexistent.h>
configure:4105: checking for grep that handles long lines and -e
configure:4163: result: /usr/bin/grep
configure:4168: checking for egrep
configure:4230: result: /usr/bin/grep -E
configure:4235: checking for ANSI C header files
configure:4255: gcc -c  -I /cygdrive/c/WpdPack/Include/  conftest.c >&5
configure:4255: $? = 0
configure:4328: gcc -o conftest.exe  -I /cygdrive/c/WpdPack/Include/   conftest.c  -lwsock32 -lws2_32 -liphlpapi -lwpcap -lpacket >&5
configure:4328: $? = 0
configure:4328: ./conftest.exe
configure:4328: $? = 0
configure:4339: result: yes
configure:4352: checking for sys/types.h
configure:4352: gcc -c  -I /cygdrive/c/WpdPack/Include/  conftest.c >&5
configure:4352: $? = 0
configure:4352: result: yes
configure:4352: checking for sys/stat.h
configure:4352: gcc -c  -I /cygdrive/c/WpdPack/Include/  conftest.c >&5
configure:4352: $? = 0
configure:4352: result: yes
configure:4352: checking for stdlib.h
configure:4352: gcc -c  -I /cygdrive/c/WpdPack/Include/  conftest.c >&5
configure:4352: $? = 0
configure:4352: result: yes
configure:4352: checking for string.h
configure:4352: gcc -c  -I /cygdrive/c/WpdPack/Include/  conftest.c >&5
configure:4352: $? = 0
configure:4352: result: yes
configure:4352: checking for memory.h
configure:4352: gcc -c  -I /cygdrive/c/WpdPack/Include/  conftest.c >&5
configure:4352: $? = 0
configure:4352: result: yes
configure:4352: checking for strings.h
configure:4352: gcc -c  -I /cygdrive/c/WpdPack/Include/  conftest.c >&5
configure:4352: $? = 0
configure:4352: result: yes
configure:4352: checking for inttypes.h
configure:4352: gcc -c  -I /cygdrive/c/WpdPack/Include/  conftest.c >&5
configure:4352: $? = 0
configure:4352: result: yes
configure:4352: checking for stdint.h
configure:4352: gcc -c  -I /cygdrive/c/WpdPack/Include/  conftest.c >&5
configure:4352: $? = 0
configure:4352: result: yes
configure:4352: checking for unistd.h
configure:4352: gcc -c  -I /cygdrive/c/WpdPack/Include/  conftest.c >&5
configure:4352: $? = 0
configure:4352: result: yes
configure:4365: checking minix/config.h usability
configure:4365: gcc -c  -I /cygdrive/c/WpdPack/Include/  conftest.c >&5
conftest.c:54:26: fatal error: minix/config.h: No such file or directory
compilation terminated.
configure:4365: $? = 1
configure: failed program was:
| /* confdefs.h */
| #define PACKAGE_NAME "libnet"
| #define PACKAGE_TARNAME "libnet"
| #define PACKAGE_VERSION "1.2-rc3"
| #define PACKAGE_STRING "libnet 1.2-rc3"
| #define PACKAGE_BUGREPORT ""
| #define PACKAGE_URL ""
| #define PACKAGE "libnet"
| #define VERSION "1.2-rc3"
| #define STDC_HEADERS 1
| #define HAVE_SYS_TYPES_H 1
| #define HAVE_SYS_STAT_H 1
| #define HAVE_STDLIB_H 1
| #define HAVE_STRING_H 1
| #define HAVE_MEMORY_H 1
| #define HAVE_STRINGS_H 1
| #define HAVE_INTTYPES_H 1
| #define HAVE_STDINT_H 1
| #define HAVE_UNISTD_H 1
| /* end confdefs.h.  */
| #include <stdio.h>
| #ifdef HAVE_SYS_TYPES_H
| # include <sys/types.h>
| #endif
| #ifdef HAVE_SYS_STAT_H
| # include <sys/stat.h>
| #endif
| #ifdef STDC_HEADERS
| # include <stdlib.h>
| # include <stddef.h>
| #else
| # ifdef HAVE_STDLIB_H
| #  include <stdlib.h>
| # endif
| #endif
| #ifdef HAVE_STRING_H
| # if !defined STDC_HEADERS && defined HAVE_MEMORY_H
| #  include <memory.h>
| # endif
| # include <string.h>
| #endif
| #ifdef HAVE_STRINGS_H
| # include <strings.h>
| #endif
| #ifdef HAVE_INTTYPES_H
| # include <inttypes.h>
| #endif
| #ifdef HAVE_STDINT_H
| # include <stdint.h>
| #endif
| #ifdef HAVE_UNISTD_H
| # include <unistd.h>
| #endif
| #include <minix/config.h>
configure:4365: result: no
configure:4365: checking minix/config.h presence
configure:4365: gcc -E  conftest.c
conftest.c:21:26: fatal error: minix/config.h: No such file or directory
compilation terminated.
configure:4365: $? = 1
configure: failed program was:
| /* confdefs.h */
| #define PACKAGE_NAME "libnet"
| #define PACKAGE_TARNAME "libnet"
| #define PACKAGE_VERSION "1.2-rc3"
| #define PACKAGE_STRING "libnet 1.2-rc3"
| #define PACKAGE_BUGREPORT ""
| #define PACKAGE_URL ""
| #define PACKAGE "libnet"
| #define VERSION "1.2-rc3"
| #define STDC_HEADERS 1
| #define HAVE_SYS_TYPES_H 1
| #define HAVE_SYS_STAT_H 1
| #define HAVE_STDLIB_H 1
| #define HAVE_STRING_H 1
| #define HAVE_MEMORY_H 1
| #define HAVE_STRINGS_H 1
| #define HAVE_INTTYPES_H 1
| #define HAVE_STDINT_H 1
| #define HAVE_UNISTD_H 1
| /* end confdefs.h.  */
| #include <minix/config.h>
configure:4365: result: no
configure:4365: checking for minix/config.h
configure:4365: result: no
configure:4386: checking whether it is safe to define __EXTENSIONS__
configure:4404: gcc -c  -I /cygdrive/c/WpdPack/Include/  conftest.c >&5
configure:4404: $? = 0
configure:4411: result: yes
configure:4471: checking how to print strings
configure:4498: result: printf
configure:4519: checking for a sed that does not truncate output
configure:4583: result: /usr/bin/sed
configure:4601: checking for fgrep
configure:4663: result: /usr/bin/grep -F
configure:4698: checking for ld used by gcc
configure:4765: result: /usr/i686-pc-cygwin/bin/ld.exe
configure:4772: checking if the linker (/usr/i686-pc-cygwin/bin/ld.exe) is GNU ld
configure:4787: result: yes
configure:4799: checking for BSD- or MS-compatible name lister (nm)
configure:4848: result: /usr/bin/nm -B
configure:4978: checking the name lister (/usr/bin/nm -B) interface
configure:4985: gcc -c  -I /cygdrive/c/WpdPack/Include/  conftest.c >&5
configure:4988: /usr/bin/nm -B "conftest.o"
configure:4991: output
00000000 b .bss
00000000 d .data
00000000 r .rdata$zzz
00000000 t .text
00000000 B _some_variable
configure:4998: result: BSD nm
configure:5001: checking whether ln -s works
configure:5005: result: yes
configure:5013: checking the maximum length of command line arguments
configure:5144: result: 8192
configure:5161: checking whether the shell understands some XSI constructs
configure:5171: result: yes
configure:5175: checking whether the shell understands "+="
configure:5181: result: yes
configure:5216: checking how to convert i686-pc-cygwin file names to i686-pc-cygwin format
configure:5256: result: func_convert_file_noop
configure:5263: checking how to convert i686-pc-cygwin file names to toolchain format
configure:5283: result: func_convert_file_noop
configure:5290: checking for /usr/i686-pc-cygwin/bin/ld.exe option to reload object files
configure:5297: result: -r
configure:5371: checking for objdump
configure:5387: found /usr/bin/objdump
configure:5398: result: objdump
configure:5430: checking how to recognize dependent libraries
configure:5628: result: file_magic ^x86 archive import|^x86 DLL
configure:5713: checking for dlltool
configure:5729: found /usr/bin/dlltool
configure:5740: result: dlltool
configure:5773: checking how to associate runtime and link libraries
configure:5800: result: func_cygming_dll_for_implib
configure:5860: checking for ar
configure:5876: found /usr/bin/ar
configure:5887: result: ar
configure:5924: checking for archiver @FILE support
configure:5941: gcc -c  -I /cygdrive/c/WpdPack/Include/  conftest.c >&5
configure:5941: $? = 0
configure:5944: ar cru libconftest.a @conftest.lst >&5
configure:5947: $? = 0
configure:5952: ar cru libconftest.a @conftest.lst >&5
ar: conftest.o: No such file or directory
configure:5955: $? = 1
configure:5967: result: @
configure:6025: checking for strip
configure:6041: found /usr/bin/strip
configure:6052: result: strip
configure:6124: checking for ranlib
configure:6140: found /usr/bin/ranlib
configure:6151: result: ranlib
configure:6253: checking command to parse /usr/bin/nm -B output from gcc object
configure:6373: gcc -c  -I /cygdrive/c/WpdPack/Include/  conftest.c >&5
configure:6376: $? = 0
configure:6380: /usr/bin/nm -B conftest.o \| sed -n -e 's/^.*[ ]\([ABCDGIRSTW][ABCDGIRSTW]*\)[ ][ ]*\([_A-Za-z][_A-Za-z0-9]*\)$/\1 \2 \2/p' | sed '/ __gnu_lto/d' \> conftest.nm
configure:6383: $? = 0
cannot find nm_test_var in conftest.nm
configure:6373: gcc -c  -I /cygdrive/c/WpdPack/Include/  conftest.c >&5
configure:6376: $? = 0
configure:6380: /usr/bin/nm -B conftest.o \| sed -n -e 's/^.*[ ]\([ABCDGIRSTW][ABCDGIRSTW]*\)[ ][ ]*_\([_A-Za-z][_A-Za-z0-9]*\)$/\1 _\2 \2/p' | sed '/ __gnu_lto/d' \> conftest.nm
configure:6383: $? = 0
configure:6449: gcc -o conftest.exe  -I /cygdrive/c/WpdPack/Include/   conftest.c conftstm.o >&5
configure:6452: $? = 0
configure:6490: result: ok
configure:6527: checking for sysroot
configure:6557: result: no
configure:6820: checking for mt
configure:6850: result: no
configure:6870: checking if : is a manifest tool
configure:6876: : '-?'
configure:6884: result: no
configure:7523: checking for dlfcn.h
configure:7523: gcc -c  -I /cygdrive/c/WpdPack/Include/  conftest.c >&5
configure:7523: $? = 0
configure:7523: result: yes
configure:7729: checking for objdir
configure:7744: result: .libs
configure:8015: checking if gcc supports -fno-rtti -fno-exceptions
configure:8033: gcc -c  -I /cygdrive/c/WpdPack/Include/  -fno-rtti -fno-exceptions conftest.c >&5
cc1: warning: command line option '-fno-rtti' is valid for C++/ObjC++ but not for C
configure:8037: $? = 0
configure:8050: result: no
configure:8377: checking for gcc option to produce PIC
configure:8384: result: -DDLL_EXPORT -DPIC
configure:8392: checking if gcc PIC flag -DDLL_EXPORT -DPIC works
configure:8410: gcc -c  -I /cygdrive/c/WpdPack/Include/  -DDLL_EXPORT -DPIC -DPIC conftest.c >&5
configure:8414: $? = 0
configure:8427: result: yes
configure:8456: checking if gcc static flag -static works
configure:8484: result: yes
configure:8499: checking if gcc supports -c -o file.o
configure:8520: gcc -c  -I /cygdrive/c/WpdPack/Include/  -o out/conftest2.o conftest.c >&5
configure:8524: $? = 0
configure:8546: result: yes
configure:8554: checking if gcc supports -c -o file.o
configure:8601: result: yes
configure:8634: checking whether the gcc linker (/usr/i686-pc-cygwin/bin/ld.exe) supports shared libraries
configure:9791: result: yes
configure:9828: checking whether -lc should be explicitly linked in
configure:9836: gcc -c  -I /cygdrive/c/WpdPack/Include/  conftest.c >&5
configure:9839: $? = 0
configure:9854: gcc -shared conftest.o  -v -o ./conftest -Wl,--enable-auto-image-base -Xlinker --out-implib -Xlinker conftest 2\>\&1 \| /usr/bin/grep  -lc  \>/dev/null 2\>\&1
configure:9857: $? = 1
configure:9871: result: yes
configure:10031: checking dynamic linker characteristics
configure:10765: result: Win32 ld.exe
configure:10872: checking how to hardcode library paths into programs
configure:10897: result: immediate
configure:11437: checking whether stripping libraries is possible
configure:11442: result: yes
configure:11477: checking if libtool supports shared libraries
configure:11479: result: yes
configure:11482: checking whether to build shared libraries
configure:11503: result: yes
configure:11506: checking whether to build static libraries
configure:11510: result: yes
configure:11550: checking sys/sockio.h usability
configure:11550: gcc -c  -I /cygdrive/c/WpdPack/Include/  conftest.c >&5
conftest.c:61:24: fatal error: sys/sockio.h: No such file or directory
compilation terminated.
configure:11550: $? = 1
configure: failed program was:
| /* confdefs.h */
| #define PACKAGE_NAME "libnet"
| #define PACKAGE_TARNAME "libnet"
| #define PACKAGE_VERSION "1.2-rc3"
| #define PACKAGE_STRING "libnet 1.2-rc3"
| #define PACKAGE_BUGREPORT ""
| #define PACKAGE_URL ""
| #define PACKAGE "libnet"
| #define VERSION "1.2-rc3"
| #define STDC_HEADERS 1
| #define HAVE_SYS_TYPES_H 1
| #define HAVE_SYS_STAT_H 1
| #define HAVE_STDLIB_H 1
| #define HAVE_STRING_H 1
| #define HAVE_MEMORY_H 1
| #define HAVE_STRINGS_H 1
| #define HAVE_INTTYPES_H 1
| #define HAVE_STDINT_H 1
| #define HAVE_UNISTD_H 1
| #define __EXTENSIONS__ 1
| #define _ALL_SOURCE 1
| #define _GNU_SOURCE 1
| #define _POSIX_PTHREAD_SEMANTICS 1
| #define _TANDEM_SOURCE 1
| #define HAVE_DLFCN_H 1
| #define LT_OBJDIR ".libs/"
| /* end confdefs.h.  */
| #include <stdio.h>
| #ifdef HAVE_SYS_TYPES_H
| # include <sys/types.h>
| #endif
| #ifdef HAVE_SYS_STAT_H
| # include <sys/stat.h>
| #endif
| #ifdef STDC_HEADERS
| # include <stdlib.h>
| # include <stddef.h>
| #else
| # ifdef HAVE_STDLIB_H
| #  include <stdlib.h>
| # endif
| #endif
| #ifdef HAVE_STRING_H
| # if !defined STDC_HEADERS && defined HAVE_MEMORY_H
| #  include <memory.h>
| # endif
| # include <string.h>
| #endif
| #ifdef HAVE_STRINGS_H
| # include <strings.h>
| #endif
| #ifdef HAVE_INTTYPES_H
| # include <inttypes.h>
| #endif
| #ifdef HAVE_STDINT_H
| # include <stdint.h>
| #endif
| #ifdef HAVE_UNISTD_H
| # include <unistd.h>
| #endif
| #include <sys/sockio.h>
configure:11550: result: no
configure:11550: checking sys/sockio.h presence
configure:11550: gcc -E  conftest.c
conftest.c:28:24: fatal error: sys/sockio.h: No such file or directory
compilation terminated.
configure:11550: $? = 1
configure: failed program was:
| /* confdefs.h */
| #define PACKAGE_NAME "libnet"
| #define PACKAGE_TARNAME "libnet"
| #define PACKAGE_VERSION "1.2-rc3"
| #define PACKAGE_STRING "libnet 1.2-rc3"
| #define PACKAGE_BUGREPORT ""
| #define PACKAGE_URL ""
| #define PACKAGE "libnet"
| #define VERSION "1.2-rc3"
| #define STDC_HEADERS 1
| #define HAVE_SYS_TYPES_H 1
| #define HAVE_SYS_STAT_H 1
| #define HAVE_STDLIB_H 1
| #define HAVE_STRING_H 1
| #define HAVE_MEMORY_H 1
| #define HAVE_STRINGS_H 1
| #define HAVE_INTTYPES_H 1
| #define HAVE_STDINT_H 1
| #define HAVE_UNISTD_H 1
| #define __EXTENSIONS__ 1
| #define _ALL_SOURCE 1
| #define _GNU_SOURCE 1
| #define _POSIX_PTHREAD_SEMANTICS 1
| #define _TANDEM_SOURCE 1
| #define HAVE_DLFCN_H 1
| #define LT_OBJDIR ".libs/"
| /* end confdefs.h.  */
| #include <sys/sockio.h>
configure:11550: result: no
configure:11550: checking for sys/sockio.h
configure:11550: result: no
configure:11562: checking for gethostbyname2
configure:11562: gcc -o conftest.exe  -I /cygdrive/c/WpdPack/Include/   conftest.c  -lwsock32 -lws2_32 -liphlpapi -lwpcap -lpacket >&5
configure:11562: $? = 0
configure:11562: result: yes
configure:11573: checking for getifaddrs
configure:11573: gcc -o conftest.exe  -I /cygdrive/c/WpdPack/Include/   conftest.c  -lwsock32 -lws2_32 -liphlpapi -lwpcap -lpacket >&5
configure:11573: $? = 0
configure:11573: result: yes
configure:11582: checking for uint16_t
configure:11582: gcc -c  -I /cygdrive/c/WpdPack/Include/  conftest.c >&5
configure:11582: $? = 0
configure:11582: result: yes
configure:11594: checking for uint32_t
configure:11594: gcc -c  -I /cygdrive/c/WpdPack/Include/  conftest.c >&5
configure:11594: $? = 0
configure:11594: result: yes
configure:11608: checking for uint64_t
configure:11608: gcc -c  -I /cygdrive/c/WpdPack/Include/  conftest.c >&5
configure:11608: $? = 0
configure:11608: result: yes
configure:11623: checking for socklen_t
configure:11639: gcc -c  -I /cygdrive/c/WpdPack/Include/  conftest.c >&5
configure:11639: $? = 0
configure:11650: result: yes
configure:11654: checking whether byte ordering is bigendian
configure:11669: gcc -c  -I /cygdrive/c/WpdPack/Include/  conftest.c >&5
conftest.c:32:9: error: unknown type name 'not'
         not a universal capable compiler
         ^
conftest.c:32:15: error: expected '=', ',', ';', 'asm' or '__attribute__' before 'universal'
         not a universal capable compiler
               ^
conftest.c:32:15: error: unknown type name 'universal'
configure:11669: $? = 1
configure: failed program was:
| /* confdefs.h */
| #define PACKAGE_NAME "libnet"
| #define PACKAGE_TARNAME "libnet"
| #define PACKAGE_VERSION "1.2-rc3"
| #define PACKAGE_STRING "libnet 1.2-rc3"
| #define PACKAGE_BUGREPORT ""
| #define PACKAGE_URL ""
| #define PACKAGE "libnet"
| #define VERSION "1.2-rc3"
| #define STDC_HEADERS 1
| #define HAVE_SYS_TYPES_H 1
| #define HAVE_SYS_STAT_H 1
| #define HAVE_STDLIB_H 1
| #define HAVE_STRING_H 1
| #define HAVE_MEMORY_H 1
| #define HAVE_STRINGS_H 1
| #define HAVE_INTTYPES_H 1
| #define HAVE_STDINT_H 1
| #define HAVE_UNISTD_H 1
| #define __EXTENSIONS__ 1
| #define _ALL_SOURCE 1
| #define _GNU_SOURCE 1
| #define _POSIX_PTHREAD_SEMANTICS 1
| #define _TANDEM_SOURCE 1
| #define HAVE_DLFCN_H 1
| #define LT_OBJDIR ".libs/"
| #define HAVE_GETHOSTBYNAME2 1
| #define HAVE_GETIFADDRS 1
| #define HAVE_SOCKLEN_T 1
| /* end confdefs.h.  */
| #ifndef __APPLE_CC__
| 	       not a universal capable compiler
| 	     #endif
| 	     typedef int dummy;
| 
configure:11714: gcc -c  -I /cygdrive/c/WpdPack/Include/  conftest.c >&5
configure:11714: $? = 0
configure:11732: gcc -c  -I /cygdrive/c/WpdPack/Include/  conftest.c >&5
conftest.c: In function 'main':
conftest.c:38:4: error: unknown type name 'not'
    not big endian
    ^
conftest.c:38:12: error: expected '=', ',', ';', 'asm' or '__attribute__' before 'endian'
    not big endian
            ^
configure:11732: $? = 1
configure: failed program was:
| /* confdefs.h */
| #define PACKAGE_NAME "libnet"
| #define PACKAGE_TARNAME "libnet"
| #define PACKAGE_VERSION "1.2-rc3"
| #define PACKAGE_STRING "libnet 1.2-rc3"
| #define PACKAGE_BUGREPORT ""
| #define PACKAGE_URL ""
| #define PACKAGE "libnet"
| #define VERSION "1.2-rc3"
| #define STDC_HEADERS 1
| #define HAVE_SYS_TYPES_H 1
| #define HAVE_SYS_STAT_H 1
| #define HAVE_STDLIB_H 1
| #define HAVE_STRING_H 1
| #define HAVE_MEMORY_H 1
| #define HAVE_STRINGS_H 1
| #define HAVE_INTTYPES_H 1
| #define HAVE_STDINT_H 1
| #define HAVE_UNISTD_H 1
| #define __EXTENSIONS__ 1
| #define _ALL_SOURCE 1
| #define _GNU_SOURCE 1
| #define _POSIX_PTHREAD_SEMANTICS 1
| #define _TANDEM_SOURCE 1
| #define HAVE_DLFCN_H 1
| #define LT_OBJDIR ".libs/"
| #define HAVE_GETHOSTBYNAME2 1
| #define HAVE_GETIFADDRS 1
| #define HAVE_SOCKLEN_T 1
| /* end confdefs.h.  */
| #include <sys/types.h>
| 		#include <sys/param.h>
| 
| int
| main ()
| {
| #if BYTE_ORDER != BIG_ENDIAN
| 		 not big endian
| 		#endif
| 
|   ;
|   return 0;
| }
configure:11860: result: no
configure:11913: checking net/pfilt.h usability
configure:11913: gcc -c  -I /cygdrive/c/WpdPack/Include/  conftest.c >&5
conftest.c:65:23: fatal error: net/pfilt.h: No such file or directory
compilation terminated.
configure:11913: $? = 1
configure: failed program was:
| /* confdefs.h */
| #define PACKAGE_NAME "libnet"
| #define PACKAGE_TARNAME "libnet"
| #define PACKAGE_VERSION "1.2-rc3"
| #define PACKAGE_STRING "libnet 1.2-rc3"
| #define PACKAGE_BUGREPORT ""
| #define PACKAGE_URL ""
| #define PACKAGE "libnet"
| #define VERSION "1.2-rc3"
| #define STDC_HEADERS 1
| #define HAVE_SYS_TYPES_H 1
| #define HAVE_SYS_STAT_H 1
| #define HAVE_STDLIB_H 1
| #define HAVE_STRING_H 1
| #define HAVE_MEMORY_H 1
| #define HAVE_STRINGS_H 1
| #define HAVE_INTTYPES_H 1
| #define HAVE_STDINT_H 1
| #define HAVE_UNISTD_H 1
| #define __EXTENSIONS__ 1
| #define _ALL_SOURCE 1
| #define _GNU_SOURCE 1
| #define _POSIX_PTHREAD_SEMANTICS 1
| #define _TANDEM_SOURCE 1
| #define HAVE_DLFCN_H 1
| #define LT_OBJDIR ".libs/"
| #define HAVE_GETHOSTBYNAME2 1
| #define HAVE_GETIFADDRS 1
| #define HAVE_SOCKLEN_T 1
| #define LIBNET_LIL_ENDIAN 1
| /* end confdefs.h.  */
| #include <stdio.h>
| #ifdef HAVE_SYS_TYPES_H
| # include <sys/types.h>
| #endif
| #ifdef HAVE_SYS_STAT_H
| # include <sys/stat.h>
| #endif
| #ifdef STDC_HEADERS
| # include <stdlib.h>
| # include <stddef.h>
| #else
| # ifdef HAVE_STDLIB_H
| #  include <stdlib.h>
| # endif
| #endif
| #ifdef HAVE_STRING_H
| # if !defined STDC_HEADERS && defined HAVE_MEMORY_H
| #  include <memory.h>
| # endif
| # include <string.h>
| #endif
| #ifdef HAVE_STRINGS_H
| # include <strings.h>
| #endif
| #ifdef HAVE_INTTYPES_H
| # include <inttypes.h>
| #endif
| #ifdef HAVE_STDINT_H
| # include <stdint.h>
| #endif
| #ifdef HAVE_UNISTD_H
| # include <unistd.h>
| #endif
| #include <net/pfilt.h>
configure:11913: result: no
configure:11913: checking net/pfilt.h presence
configure:11913: gcc -E  conftest.c
conftest.c:32:23: fatal error: net/pfilt.h: No such file or directory
compilation terminated.
configure:11913: $? = 1
configure: failed program was:
| /* confdefs.h */
| #define PACKAGE_NAME "libnet"
| #define PACKAGE_TARNAME "libnet"
| #define PACKAGE_VERSION "1.2-rc3"
| #define PACKAGE_STRING "libnet 1.2-rc3"
| #define PACKAGE_BUGREPORT ""
| #define PACKAGE_URL ""
| #define PACKAGE "libnet"
| #define VERSION "1.2-rc3"
| #define STDC_HEADERS 1
| #define HAVE_SYS_TYPES_H 1
| #define HAVE_SYS_STAT_H 1
| #define HAVE_STDLIB_H 1
| #define HAVE_STRING_H 1
| #define HAVE_MEMORY_H 1
| #define HAVE_STRINGS_H 1
| #define HAVE_INTTYPES_H 1
| #define HAVE_STDINT_H 1
| #define HAVE_UNISTD_H 1
| #define __EXTENSIONS__ 1
| #define _ALL_SOURCE 1
| #define _GNU_SOURCE 1
| #define _POSIX_PTHREAD_SEMANTICS 1
| #define _TANDEM_SOURCE 1
| #define HAVE_DLFCN_H 1
| #define LT_OBJDIR ".libs/"
| #define HAVE_GETHOSTBYNAME2 1
| #define HAVE_GETIFADDRS 1
| #define HAVE_SOCKLEN_T 1
| #define LIBNET_LIL_ENDIAN 1
| /* end confdefs.h.  */
| #include <net/pfilt.h>
configure:11913: result: no
configure:11913: checking for net/pfilt.h
configure:11913: result: no
configure:11913: checking sys/net/nit.h usability
configure:11913: gcc -c  -I /cygdrive/c/WpdPack/Include/  conftest.c >&5
conftest.c:65:25: fatal error: sys/net/nit.h: No such file or directory
compilation terminated.
configure:11913: $? = 1
configure: failed program was:
| /* confdefs.h */
| #define PACKAGE_NAME "libnet"
| #define PACKAGE_TARNAME "libnet"
| #define PACKAGE_VERSION "1.2-rc3"
| #define PACKAGE_STRING "libnet 1.2-rc3"
| #define PACKAGE_BUGREPORT ""
| #define PACKAGE_URL ""
| #define PACKAGE "libnet"
| #define VERSION "1.2-rc3"
| #define STDC_HEADERS 1
| #define HAVE_SYS_TYPES_H 1
| #define HAVE_SYS_STAT_H 1
| #define HAVE_STDLIB_H 1
| #define HAVE_STRING_H 1
| #define HAVE_MEMORY_H 1
| #define HAVE_STRINGS_H 1
| #define HAVE_INTTYPES_H 1
| #define HAVE_STDINT_H 1
| #define HAVE_UNISTD_H 1
| #define __EXTENSIONS__ 1
| #define _ALL_SOURCE 1
| #define _GNU_SOURCE 1
| #define _POSIX_PTHREAD_SEMANTICS 1
| #define _TANDEM_SOURCE 1
| #define HAVE_DLFCN_H 1
| #define LT_OBJDIR ".libs/"
| #define HAVE_GETHOSTBYNAME2 1
| #define HAVE_GETIFADDRS 1
| #define HAVE_SOCKLEN_T 1
| #define LIBNET_LIL_ENDIAN 1
| /* end confdefs.h.  */
| #include <stdio.h>
| #ifdef HAVE_SYS_TYPES_H
| # include <sys/types.h>
| #endif
| #ifdef HAVE_SYS_STAT_H
| # include <sys/stat.h>
| #endif
| #ifdef STDC_HEADERS
| # include <stdlib.h>
| # include <stddef.h>
| #else
| # ifdef HAVE_STDLIB_H
| #  include <stdlib.h>
| # endif
| #endif
| #ifdef HAVE_STRING_H
| # if !defined STDC_HEADERS && defined HAVE_MEMORY_H
| #  include <memory.h>
| # endif
| # include <string.h>
| #endif
| #ifdef HAVE_STRINGS_H
| # include <strings.h>
| #endif
| #ifdef HAVE_INTTYPES_H
| # include <inttypes.h>
| #endif
| #ifdef HAVE_STDINT_H
| # include <stdint.h>
| #endif
| #ifdef HAVE_UNISTD_H
| # include <unistd.h>
| #endif
| #include <sys/net/nit.h>
configure:11913: result: no
configure:11913: checking sys/net/nit.h presence
configure:11913: gcc -E  conftest.c
conftest.c:32:25: fatal error: sys/net/nit.h: No such file or directory
compilation terminated.
configure:11913: $? = 1
configure: failed program was:
| /* confdefs.h */
| #define PACKAGE_NAME "libnet"
| #define PACKAGE_TARNAME "libnet"
| #define PACKAGE_VERSION "1.2-rc3"
| #define PACKAGE_STRING "libnet 1.2-rc3"
| #define PACKAGE_BUGREPORT ""
| #define PACKAGE_URL ""
| #define PACKAGE "libnet"
| #define VERSION "1.2-rc3"
| #define STDC_HEADERS 1
| #define HAVE_SYS_TYPES_H 1
| #define HAVE_SYS_STAT_H 1
| #define HAVE_STDLIB_H 1
| #define HAVE_STRING_H 1
| #define HAVE_MEMORY_H 1
| #define HAVE_STRINGS_H 1
| #define HAVE_INTTYPES_H 1
| #define HAVE_STDINT_H 1
| #define HAVE_UNISTD_H 1
| #define __EXTENSIONS__ 1
| #define _ALL_SOURCE 1
| #define _GNU_SOURCE 1
| #define _POSIX_PTHREAD_SEMANTICS 1
| #define _TANDEM_SOURCE 1
| #define HAVE_DLFCN_H 1
| #define LT_OBJDIR ".libs/"
| #define HAVE_GETHOSTBYNAME2 1
| #define HAVE_GETIFADDRS 1
| #define HAVE_SOCKLEN_T 1
| #define LIBNET_LIL_ENDIAN 1
| /* end confdefs.h.  */
| #include <sys/net/nit.h>
configure:11913: result: no
configure:11913: checking for sys/net/nit.h
configure:11913: result: no
configure:11913: checking net/raw.h usability
configure:11913: gcc -c  -I /cygdrive/c/WpdPack/Include/  conftest.c >&5
conftest.c:65:21: fatal error: net/raw.h: No such file or directory
compilation terminated.
configure:11913: $? = 1
configure: failed program was:
| /* confdefs.h */
| #define PACKAGE_NAME "libnet"
| #define PACKAGE_TARNAME "libnet"
| #define PACKAGE_VERSION "1.2-rc3"
| #define PACKAGE_STRING "libnet 1.2-rc3"
| #define PACKAGE_BUGREPORT ""
| #define PACKAGE_URL ""
| #define PACKAGE "libnet"
| #define VERSION "1.2-rc3"
| #define STDC_HEADERS 1
| #define HAVE_SYS_TYPES_H 1
| #define HAVE_SYS_STAT_H 1
| #define HAVE_STDLIB_H 1
| #define HAVE_STRING_H 1
| #define HAVE_MEMORY_H 1
| #define HAVE_STRINGS_H 1
| #define HAVE_INTTYPES_H 1
| #define HAVE_STDINT_H 1
| #define HAVE_UNISTD_H 1
| #define __EXTENSIONS__ 1
| #define _ALL_SOURCE 1
| #define _GNU_SOURCE 1
| #define _POSIX_PTHREAD_SEMANTICS 1
| #define _TANDEM_SOURCE 1
| #define HAVE_DLFCN_H 1
| #define LT_OBJDIR ".libs/"
| #define HAVE_GETHOSTBYNAME2 1
| #define HAVE_GETIFADDRS 1
| #define HAVE_SOCKLEN_T 1
| #define LIBNET_LIL_ENDIAN 1
| /* end confdefs.h.  */
| #include <stdio.h>
| #ifdef HAVE_SYS_TYPES_H
| # include <sys/types.h>
| #endif
| #ifdef HAVE_SYS_STAT_H
| # include <sys/stat.h>
| #endif
| #ifdef STDC_HEADERS
| # include <stdlib.h>
| # include <stddef.h>
| #else
| # ifdef HAVE_STDLIB_H
| #  include <stdlib.h>
| # endif
| #endif
| #ifdef HAVE_STRING_H
| # if !defined STDC_HEADERS && defined HAVE_MEMORY_H
| #  include <memory.h>
| # endif
| # include <string.h>
| #endif
| #ifdef HAVE_STRINGS_H
| # include <strings.h>
| #endif
| #ifdef HAVE_INTTYPES_H
| # include <inttypes.h>
| #endif
| #ifdef HAVE_STDINT_H
| # include <stdint.h>
| #endif
| #ifdef HAVE_UNISTD_H
| # include <unistd.h>
| #endif
| #include <net/raw.h>
configure:11913: result: no
configure:11913: checking net/raw.h presence
configure:11913: gcc -E  conftest.c
conftest.c:32:21: fatal error: net/raw.h: No such file or directory
compilation terminated.
configure:11913: $? = 1
configure: failed program was:
| /* confdefs.h */
| #define PACKAGE_NAME "libnet"
| #define PACKAGE_TARNAME "libnet"
| #define PACKAGE_VERSION "1.2-rc3"
| #define PACKAGE_STRING "libnet 1.2-rc3"
| #define PACKAGE_BUGREPORT ""
| #define PACKAGE_URL ""
| #define PACKAGE "libnet"
| #define VERSION "1.2-rc3"
| #define STDC_HEADERS 1
| #define HAVE_SYS_TYPES_H 1
| #define HAVE_SYS_STAT_H 1
| #define HAVE_STDLIB_H 1
| #define HAVE_STRING_H 1
| #define HAVE_MEMORY_H 1
| #define HAVE_STRINGS_H 1
| #define HAVE_INTTYPES_H 1
| #define HAVE_STDINT_H 1
| #define HAVE_UNISTD_H 1
| #define __EXTENSIONS__ 1
| #define _ALL_SOURCE 1
| #define _GNU_SOURCE 1
| #define _POSIX_PTHREAD_SEMANTICS 1
| #define _TANDEM_SOURCE 1
| #define HAVE_DLFCN_H 1
| #define LT_OBJDIR ".libs/"
| #define HAVE_GETHOSTBYNAME2 1
| #define HAVE_GETIFADDRS 1
| #define HAVE_SOCKLEN_T 1
| #define LIBNET_LIL_ENDIAN 1
| /* end confdefs.h.  */
| #include <net/raw.h>
configure:11913: result: no
configure:11913: checking for net/raw.h
configure:11913: result: no
configure:11913: checking sys/dlpi.h usability
configure:11913: gcc -c  -I /cygdrive/c/WpdPack/Include/  conftest.c >&5
conftest.c:65:22: fatal error: sys/dlpi.h: No such file or directory
compilation terminated.
configure:11913: $? = 1
configure: failed program was:
| /* confdefs.h */
| #define PACKAGE_NAME "libnet"
| #define PACKAGE_TARNAME "libnet"
| #define PACKAGE_VERSION "1.2-rc3"
| #define PACKAGE_STRING "libnet 1.2-rc3"
| #define PACKAGE_BUGREPORT ""
| #define PACKAGE_URL ""
| #define PACKAGE "libnet"
| #define VERSION "1.2-rc3"
| #define STDC_HEADERS 1
| #define HAVE_SYS_TYPES_H 1
| #define HAVE_SYS_STAT_H 1
| #define HAVE_STDLIB_H 1
| #define HAVE_STRING_H 1
| #define HAVE_MEMORY_H 1
| #define HAVE_STRINGS_H 1
| #define HAVE_INTTYPES_H 1
| #define HAVE_STDINT_H 1
| #define HAVE_UNISTD_H 1
| #define __EXTENSIONS__ 1
| #define _ALL_SOURCE 1
| #define _GNU_SOURCE 1
| #define _POSIX_PTHREAD_SEMANTICS 1
| #define _TANDEM_SOURCE 1
| #define HAVE_DLFCN_H 1
| #define LT_OBJDIR ".libs/"
| #define HAVE_GETHOSTBYNAME2 1
| #define HAVE_GETIFADDRS 1
| #define HAVE_SOCKLEN_T 1
| #define LIBNET_LIL_ENDIAN 1
| /* end confdefs.h.  */
| #include <stdio.h>
| #ifdef HAVE_SYS_TYPES_H
| # include <sys/types.h>
| #endif
| #ifdef HAVE_SYS_STAT_H
| # include <sys/stat.h>
| #endif
| #ifdef STDC_HEADERS
| # include <stdlib.h>
| # include <stddef.h>
| #else
| # ifdef HAVE_STDLIB_H
| #  include <stdlib.h>
| # endif
| #endif
| #ifdef HAVE_STRING_H
| # if !defined STDC_HEADERS && defined HAVE_MEMORY_H
| #  include <memory.h>
| # endif
| # include <string.h>
| #endif
| #ifdef HAVE_STRINGS_H
| # include <strings.h>
| #endif
| #ifdef HAVE_INTTYPES_H
| # include <inttypes.h>
| #endif
| #ifdef HAVE_STDINT_H
| # include <stdint.h>
| #endif
| #ifdef HAVE_UNISTD_H
| # include <unistd.h>
| #endif
| #include <sys/dlpi.h>
configure:11913: result: no
configure:11913: checking sys/dlpi.h presence
configure:11913: gcc -E  conftest.c
conftest.c:32:22: fatal error: sys/dlpi.h: No such file or directory
compilation terminated.
configure:11913: $? = 1
configure: failed program was:
| /* confdefs.h */
| #define PACKAGE_NAME "libnet"
| #define PACKAGE_TARNAME "libnet"
| #define PACKAGE_VERSION "1.2-rc3"
| #define PACKAGE_STRING "libnet 1.2-rc3"
| #define PACKAGE_BUGREPORT ""
| #define PACKAGE_URL ""
| #define PACKAGE "libnet"
| #define VERSION "1.2-rc3"
| #define STDC_HEADERS 1
| #define HAVE_SYS_TYPES_H 1
| #define HAVE_SYS_STAT_H 1
| #define HAVE_STDLIB_H 1
| #define HAVE_STRING_H 1
| #define HAVE_MEMORY_H 1
| #define HAVE_STRINGS_H 1
| #define HAVE_INTTYPES_H 1
| #define HAVE_STDINT_H 1
| #define HAVE_UNISTD_H 1
| #define __EXTENSIONS__ 1
| #define _ALL_SOURCE 1
| #define _GNU_SOURCE 1
| #define _POSIX_PTHREAD_SEMANTICS 1
| #define _TANDEM_SOURCE 1
| #define HAVE_DLFCN_H 1
| #define LT_OBJDIR ".libs/"
| #define HAVE_GETHOSTBYNAME2 1
| #define HAVE_GETIFADDRS 1
| #define HAVE_SOCKLEN_T 1
| #define LIBNET_LIL_ENDIAN 1
| /* end confdefs.h.  */
| #include <sys/dlpi.h>
configure:11913: result: no
configure:11913: checking for sys/dlpi.h
configure:11913: result: no
configure:11913: checking linux/socket.h usability
configure:11913: gcc -c  -I /cygdrive/c/WpdPack/Include/  conftest.c >&5
conftest.c:65:26: fatal error: linux/socket.h: No such file or directory
compilation terminated.
configure:11913: $? = 1
configure: failed program was:
| /* confdefs.h */
| #define PACKAGE_NAME "libnet"
| #define PACKAGE_TARNAME "libnet"
| #define PACKAGE_VERSION "1.2-rc3"
| #define PACKAGE_STRING "libnet 1.2-rc3"
| #define PACKAGE_BUGREPORT ""
| #define PACKAGE_URL ""
| #define PACKAGE "libnet"
| #define VERSION "1.2-rc3"
| #define STDC_HEADERS 1
| #define HAVE_SYS_TYPES_H 1
| #define HAVE_SYS_STAT_H 1
| #define HAVE_STDLIB_H 1
| #define HAVE_STRING_H 1
| #define HAVE_MEMORY_H 1
| #define HAVE_STRINGS_H 1
| #define HAVE_INTTYPES_H 1
| #define HAVE_STDINT_H 1
| #define HAVE_UNISTD_H 1
| #define __EXTENSIONS__ 1
| #define _ALL_SOURCE 1
| #define _GNU_SOURCE 1
| #define _POSIX_PTHREAD_SEMANTICS 1
| #define _TANDEM_SOURCE 1
| #define HAVE_DLFCN_H 1
| #define LT_OBJDIR ".libs/"
| #define HAVE_GETHOSTBYNAME2 1
| #define HAVE_GETIFADDRS 1
| #define HAVE_SOCKLEN_T 1
| #define LIBNET_LIL_ENDIAN 1
| /* end confdefs.h.  */
| #include <stdio.h>
| #ifdef HAVE_SYS_TYPES_H
| # include <sys/types.h>
| #endif
| #ifdef HAVE_SYS_STAT_H
| # include <sys/stat.h>
| #endif
| #ifdef STDC_HEADERS
| # include <stdlib.h>
| # include <stddef.h>
| #else
| # ifdef HAVE_STDLIB_H
| #  include <stdlib.h>
| # endif
| #endif
| #ifdef HAVE_STRING_H
| # if !defined STDC_HEADERS && defined HAVE_MEMORY_H
| #  include <memory.h>
| # endif
| # include <string.h>
| #endif
| #ifdef HAVE_STRINGS_H
| # include <strings.h>
| #endif
| #ifdef HAVE_INTTYPES_H
| # include <inttypes.h>
| #endif
| #ifdef HAVE_STDINT_H
| # include <stdint.h>
| #endif
| #ifdef HAVE_UNISTD_H
| # include <unistd.h>
| #endif
| #include <linux/socket.h>
configure:11913: result: no
configure:11913: checking linux/socket.h presence
configure:11913: gcc -E  conftest.c
conftest.c:32:26: fatal error: linux/socket.h: No such file or directory
compilation terminated.
configure:11913: $? = 1
configure: failed program was:
| /* confdefs.h */
| #define PACKAGE_NAME "libnet"
| #define PACKAGE_TARNAME "libnet"
| #define PACKAGE_VERSION "1.2-rc3"
| #define PACKAGE_STRING "libnet 1.2-rc3"
| #define PACKAGE_BUGREPORT ""
| #define PACKAGE_URL ""
| #define PACKAGE "libnet"
| #define VERSION "1.2-rc3"
| #define STDC_HEADERS 1
| #define HAVE_SYS_TYPES_H 1
| #define HAVE_SYS_STAT_H 1
| #define HAVE_STDLIB_H 1
| #define HAVE_STRING_H 1
| #define HAVE_MEMORY_H 1
| #define HAVE_STRINGS_H 1
| #define HAVE_INTTYPES_H 1
| #define HAVE_STDINT_H 1
| #define HAVE_UNISTD_H 1
| #define __EXTENSIONS__ 1
| #define _ALL_SOURCE 1
| #define _GNU_SOURCE 1
| #define _POSIX_PTHREAD_SEMANTICS 1
| #define _TANDEM_SOURCE 1
| #define HAVE_DLFCN_H 1
| #define LT_OBJDIR ".libs/"
| #define HAVE_GETHOSTBYNAME2 1
| #define HAVE_GETIFADDRS 1
| #define HAVE_SOCKLEN_T 1
| #define LIBNET_LIL_ENDIAN 1
| /* end confdefs.h.  */
| #include <linux/socket.h>
configure:11913: result: no
configure:11913: checking for linux/socket.h
configure:11913: result: no
configure:11924: checking link-layer packet interface type
configure:12274: result: found link layer win32 wpcap
configure:12645: checking for PacketSetMode in -lpacket
configure:12670: gcc -o conftest.exe  -I /cygdrive/c/WpdPack/Include/ -O0 -DNO_SNPRINTF -I/usr/include/pcap   conftest.c -lpacket   -lwsock32 -lws2_32 -liphlpapi -lwpcap -lpacket >&5
configure:12670: $? = 0
configure:12679: result: yes
configure:12692: checking for pcap_setmode in -lwpcap
configure:12717: gcc -o conftest.exe  -I /cygdrive/c/WpdPack/Include/ -O0 -DNO_SNPRINTF -I/usr/include/pcap   conftest.c -lwpcap  -lpacket  -lwsock32 -lws2_32 -liphlpapi -lwpcap -lpacket >&5
configure:12717: $? = 0
configure:12726: result: yes
configure:12884: checking that generated files are newer than configure
configure:12890: result: done
configure:12922: creating ./config.status

## ---------------------- ##
## Running config.status. ##
## ---------------------- ##

This file was extended by libnet config.status 1.2-rc3, which was
generated by GNU Autoconf 2.69.  Invocation command line was

  CONFIG_FILES    = 
  CONFIG_HEADERS  = 
  CONFIG_LINKS    = 
  CONFIG_COMMANDS = 
  $ ./config.status 

on DESKTOP-P9I62Q3

config.status:1132: creating Makefile
config.status:1132: creating src/Makefile
config.status:1132: creating include/Makefile
config.status:1132: creating include/libnet/Makefile
config.status:1132: creating win32/Makefile
config.status:1132: creating sample/Makefile
config.status:1132: creating doc/Makefile
config.status:1132: creating doc/man/Makefile
config.status:1132: creating doc/man/man3/Makefile
config.status:1132: creating doc/html/Makefile
config.status:1132: creating include/libnet.h
config.status:1132: creating libnet-config
config.status:1132: creating include/config.h
config.status:1313: include/config.h is unchanged
config.status:1361: executing depfiles commands
config.status:1361: executing libtool commands

## ---------------- ##
## Cache variables. ##
## ---------------- ##

ac_cv_build=i686-pc-cygwin
ac_cv_c_bigendian=no
ac_cv_c_compiler_gnu=yes
ac_cv_c_uint16_t=yes
ac_cv_c_uint32_t=yes
ac_cv_c_uint64_t=yes
ac_cv_env_CC_set=
ac_cv_env_CC_value=
ac_cv_env_CFLAGS_set=set
ac_cv_env_CFLAGS_value=' -I /cygdrive/c/WpdPack/Include/'
ac_cv_env_CPPFLAGS_set=
ac_cv_env_CPPFLAGS_value=
ac_cv_env_CPP_set=
ac_cv_env_CPP_value=
ac_cv_env_LDFLAGS_set=
ac_cv_env_LDFLAGS_value=
ac_cv_env_LIBS_set=set
ac_cv_env_LIBS_value=' -lwsock32 -lws2_32 -liphlpapi -lwpcap -lpacket'
ac_cv_env_build_alias_set=
ac_cv_env_build_alias_value=
ac_cv_env_host_alias_set=
ac_cv_env_host_alias_value=
ac_cv_env_target_alias_set=
ac_cv_env_target_alias_value=
ac_cv_exeext=.exe
ac_cv_func_gethostbyname2=yes
ac_cv_func_getifaddrs=yes
ac_cv_header_dlfcn_h=yes
ac_cv_header_inttypes_h=yes
ac_cv_header_linux_socket_h=no
ac_cv_header_memory_h=yes
ac_cv_header_minix_config_h=no
ac_cv_header_net_pfilt_h=no
ac_cv_header_net_raw_h=no
ac_cv_header_stdc=yes
ac_cv_header_stdint_h=yes
ac_cv_header_stdlib_h=yes
ac_cv_header_string_h=yes
ac_cv_header_strings_h=yes
ac_cv_header_sys_dlpi_h=no
ac_cv_header_sys_net_nit_h=no
ac_cv_header_sys_sockio_h=no
ac_cv_header_sys_stat_h=yes
ac_cv_header_sys_types_h=yes
ac_cv_header_unistd_h=yes
ac_cv_host=i686-pc-cygwin
ac_cv_lib_packet_PacketSetMode=yes
ac_cv_lib_wpcap_pcap_setmode=yes
ac_cv_objext=o
ac_cv_path_EGREP='/usr/bin/grep -E'
ac_cv_path_FGREP='/usr/bin/grep -F'
ac_cv_path_GREP=/usr/bin/grep
ac_cv_path_SED=/usr/bin/sed
ac_cv_path_install='/usr/bin/install -c'
ac_cv_path_mkdir=/usr/bin/mkdir
ac_cv_prog_AWK=gawk
ac_cv_prog_CPP='gcc -E'
ac_cv_prog_ac_ct_AR=ar
ac_cv_prog_ac_ct_CC=gcc
ac_cv_prog_ac_ct_DLLTOOL=dlltool
ac_cv_prog_ac_ct_OBJDUMP=objdump
ac_cv_prog_ac_ct_RANLIB=ranlib
ac_cv_prog_ac_ct_STRIP=strip
ac_cv_prog_cc_c89=
ac_cv_prog_cc_g=yes
ac_cv_prog_make_make_set=yes
ac_cv_safe_to_define___extensions__=yes
ac_cv_target=i686-pc-cygwin
am_cv_CC_dependencies_compiler_type=none
am_cv_make_support_nested_variables=yes
lt_cv_ar_at_file=@
lt_cv_archive_cmds_need_lc=yes
lt_cv_deplibs_check_method='file_magic ^x86 archive import|^x86 DLL'
lt_cv_file_magic_cmd=func_win32_libid
lt_cv_file_magic_test_file=
lt_cv_ld_reload_flag=-r
lt_cv_nm_interface='BSD nm'
lt_cv_objdir=.libs
lt_cv_path_LD=/usr/i686-pc-cygwin/bin/ld.exe
lt_cv_path_NM='/usr/bin/nm -B'
lt_cv_path_mainfest_tool=no
lt_cv_prog_compiler_c_o=yes
lt_cv_prog_compiler_pic='-DDLL_EXPORT -DPIC'
lt_cv_prog_compiler_pic_works=yes
lt_cv_prog_compiler_rtti_exceptions=no
lt_cv_prog_compiler_static_works=yes
lt_cv_prog_gnu_ld=yes
lt_cv_sharedlib_from_linklib_cmd=func_cygming_dll_for_implib
lt_cv_sys_global_symbol_pipe='sed -n -e '\''s/^.*[	 ]\([ABCDGIRSTW][ABCDGIRSTW]*\)[	 ][	 ]*_\([_A-Za-z][_A-Za-z0-9]*\)$/\1 _\2 \2/p'\'' | sed '\''/ __gnu_lto/d'\'''
lt_cv_sys_global_symbol_to_c_name_address='sed -n -e '\''s/^: \([^ ]*\)[ ]*$/  {\"\1\", (void *) 0},/p'\'' -e '\''s/^[ABCDGIRSTW]* \([^ ]*\) \([^ ]*\)$/  {"\2", (void *) \&\2},/p'\'''
lt_cv_sys_global_symbol_to_c_name_address_lib_prefix='sed -n -e '\''s/^: \([^ ]*\)[ ]*$/  {\"\1\", (void *) 0},/p'\'' -e '\''s/^[ABCDGIRSTW]* \([^ ]*\) \(lib[^ ]*\)$/  {"\2", (void *) \&\2},/p'\'' -e '\''s/^[ABCDGIRSTW]* \([^ ]*\) \([^ ]*\)$/  {"lib\2", (void *) \&\2},/p'\'''
lt_cv_sys_global_symbol_to_cdecl='sed -n -e '\''s/^T .* \(.*\)$/extern int \1();/p'\'' -e '\''s/^[ABCDGIRSTW]* .* \(.*\)$/extern char \1;/p'\'''
lt_cv_sys_max_cmd_len=8192
lt_cv_to_host_file_cmd=func_convert_file_noop
lt_cv_to_tool_file_cmd=func_convert_file_noop

## ----------------- ##
## Output variables. ##
## ----------------- ##

ACLOCAL='aclocal-1.13'
ADDITIONAL_LIBS=''
AMDEPBACKSLASH='\'
AMDEP_FALSE='#'
AMDEP_TRUE=''
AMTAR='$${TAR-tar}'
AM_BACKSLASH='\'
AM_DEFAULT_V='$(AM_DEFAULT_VERBOSITY)'
AM_DEFAULT_VERBOSITY='1'
AM_V='$(V)'
AR='ar'
AUTOCONF='autoconf'
AUTOHEADER='autoheader'
AUTOMAKE='automake-1.13'
AWK='gawk'
CC='gcc'
CCDEPMODE='depmode=none'
CFLAGS=' -I /cygdrive/c/WpdPack/Include/ -O0 -DNO_SNPRINTF -I/usr/include/pcap'
CPP='gcc -E'
CPPFLAGS=''
CYGPATH_W='cygpath -w'
DEFS='-DHAVE_CONFIG_H'
DEPDIR='.deps'
DLLTOOL='dlltool'
DSYMUTIL=''
DUMPBIN=''
ECHO_C=''
ECHO_N='-n'
ECHO_T=''
EGREP='/usr/bin/grep -E'
ENDIANESS='LIBNET_LIL_ENDIAN'
EXEEXT='.exe'
FGREP='/usr/bin/grep -F'
GREP='/usr/bin/grep'
HAVE_PACKET_SOCKET=''
INSTALL_DATA='${INSTALL} -m 644'
INSTALL_PROGRAM='${INSTALL}'
INSTALL_SAMPLES_FALSE=''
INSTALL_SAMPLES_TRUE='#'
INSTALL_SCRIPT='${INSTALL}'
INSTALL_STRIP_PROGRAM='$(install_sh) -c -s'
LD='/usr/i686-pc-cygwin/bin/ld.exe'
LDFLAGS=''
LIBNET_CONFIG_CFLAGS=''
LIBNET_CONFIG_DEFINES='-DLIBNET_BSDISH_OS -DNO_SNPRINTF'
LIBNET_CONFIG_LIBS=''
LIBOBJS=' ${LIBOBJDIR}libnet_link_win32$U.o'
LIBS='-lwpcap -lpacket  -lwsock32 -lws2_32 -liphlpapi -lwpcap -lpacket -lws2_32'
LIBTOOL='$(SHELL) $(top_builddir)/libtool'
LIPO=''
LN_S='ln -s'
LTLIBOBJS=' ${LIBOBJDIR}libnet_link_win32$U.lo'
MAINT='#'
MAINTAINER_MODE_FALSE=''
MAINTAINER_MODE_TRUE='#'
MAKEINFO='makeinfo'
MANIFEST_TOOL=':'
MKDIR_P='/usr/bin/mkdir -p'
NM='/usr/bin/nm -B'
NMEDIT=''
OBJDUMP='objdump'
OBJEXT='o'
OTOOL64=''
OTOOL=''
PACKAGE='libnet'
PACKAGE_BUGREPORT=''
PACKAGE_NAME='libnet'
PACKAGE_STRING='libnet 1.2-rc3'
PACKAGE_TARNAME='libnet'
PACKAGE_URL=''
PACKAGE_VERSION='1.2-rc3'
PATH_SEPARATOR=':'
RANLIB='ranlib'
SED='/usr/bin/sed'
SET_MAKE=''
SHELL='/bin/sh'
STRIP='strip'
VERSION='1.2-rc3'
ac_ct_AR='ar'
ac_ct_CC='gcc'
ac_ct_DUMPBIN=''
am__EXEEXT_FALSE='#'
am__EXEEXT_TRUE=''
am__fastdepCC_FALSE=''
am__fastdepCC_TRUE='#'
am__include='include'
am__isrc=''
am__leading_dot='.'
am__nodep='_no'
am__quote=''
am__tar='$${TAR-tar} chof - "$$tardir"'
am__untar='$${TAR-tar} xf -'
bindir='${exec_prefix}/bin'
build='i686-pc-cygwin'
build_alias=''
build_cpu='i686'
build_os='cygwin'
build_vendor='pc'
datadir='${datarootdir}'
datarootdir='${prefix}/share'
docdir='${datarootdir}/doc/${PACKAGE_TARNAME}'
dvidir='${docdir}'
exec_prefix='${prefix}'
host='i686-pc-cygwin'
host_alias=''
host_cpu='i686'
host_os='cygwin'
host_vendor='pc'
htmldir='${docdir}'
includedir='${prefix}/include'
infodir='${datarootdir}/info'
install_sh='${SHELL} /home/TU/libnet-1.2-rc3/install-sh'
libdir='${exec_prefix}/lib'
libexecdir='${exec_prefix}/libexec'
localedir='${datarootdir}/locale'
localstatedir='${prefix}/var'
mandir='${datarootdir}/man'
mkdir_p='$(MKDIR_P)'
oldincludedir='/usr/include'
pdfdir='${docdir}'
prefix='/home/TU/libnet'
program_transform_name='s,x,x,'
psdir='${docdir}'
sbindir='${exec_prefix}/sbin'
sharedstatedir='${prefix}/com'
sysconfdir='${prefix}/etc'
target='i686-pc-cygwin'
target_alias=''
target_cpu='i686'
target_os='cygwin'
target_vendor='pc'

## ----------- ##
## confdefs.h. ##
## ----------- ##

/* confdefs.h */
#define PACKAGE_NAME "libnet"
#define PACKAGE_TARNAME "libnet"
#define PACKAGE_VERSION "1.2-rc3"
#define PACKAGE_STRING "libnet 1.2-rc3"
#define PACKAGE_BUGREPORT ""
#define PACKAGE_URL ""
#define PACKAGE "libnet"
#define VERSION "1.2-rc3"
#define STDC_HEADERS 1
#define HAVE_SYS_TYPES_H 1
#define HAVE_SYS_STAT_H 1
#define HAVE_STDLIB_H 1
#define HAVE_STRING_H 1
#define HAVE_MEMORY_H 1
#define HAVE_STRINGS_H 1
#define HAVE_INTTYPES_H 1
#define HAVE_STDINT_H 1
#define HAVE_UNISTD_H 1
#define __EXTENSIONS__ 1
#define _ALL_SOURCE 1
#define _GNU_SOURCE 1
#define _POSIX_PTHREAD_SEMANTICS 1
#define _TANDEM_SOURCE 1
#define HAVE_DLFCN_H 1
#define LT_OBJDIR ".libs/"
#define HAVE_GETHOSTBYNAME2 1
#define HAVE_GETIFADDRS 1
#define HAVE_SOCKLEN_T 1
#define LIBNET_LIL_ENDIAN 1
#define LIBNET_BSDISH_OS 1
#define NO_SNPRINTF 1
#define HAVE_LIBPACKET 1
#define HAVE_LIBWPCAP 1

configure: exit 0
